step/build/intermediates/manifest_merge_blame_file/debug/manifest-merger-blame-debug-report.txt
1<?xml version="1.0" encoding="utf-8"?>
2<manifest xmlns:android="http://schemas.android.com/apk/res/android"
3    package="com.example.step"
4    android:versionCode="1"
5    android:versionName="1.0" >
6
7    <uses-sdk
8        android:minSdkVersion="17"
8-->src\main\AndroidManifest.xml
9        android:targetSdkVersion="29" />
9-->src\main\AndroidManifest.xml
10
11    <application>
11-->src\main\AndroidManifest.xml:5:5-20:19
12        <activity android:name="com.example.step.Ui.HistoryActivity" />
12-->src\main\AndroidManifest.xml:6:9-65
12-->src\main\AndroidManifest.xml:6:19-53
13        <activity
13-->src\main\AndroidManifest.xml:7:9-15:20
14            android:name="com.example.step.Ui.IntegralActivity"
14-->src\main\AndroidManifest.xml:7:19-54
15            android:screenOrientation="portrait" >
15-->src\main\AndroidManifest.xml:8:13-49
16            <intent-filter>
16-->src\main\AndroidManifest.xml:10:13-14:29
17                <action android:name="android.intent.action.MAIN" />
17-->src\main\AndroidManifest.xml:11:17-69
17-->src\main\AndroidManifest.xml:11:25-66
18
19                <category android:name="android.intent.category.LAUNCHER" />
19-->src\main\AndroidManifest.xml:13:17-77
19-->src\main\AndroidManifest.xml:13:27-74
20            </intent-filter>
21        </activity>
22
23        <service android:name="com.example.framework.service.StepService" >
23-->src\main\AndroidManifest.xml:17:9-19:19
23-->src\main\AndroidManifest.xml:17:18-74
24        </service>
25    </application>
26
27</manifest>